<?xml version="1.0" encoding="UTF-8"?>
<testsuite xmlns:xsi="http://www.w3.org/2001/XMLSchema-instance" xsi:noNamespaceSchemaLocation="https://maven.apache.org/surefire/maven-surefire-plugin/xsd/surefire-test-report.xsd" name="runners.Runner" time="5.77" tests="7" errors="0" skipped="0" failures="0">
  <properties>
[...]
</properties>
  <testcase name="User try to create a post with valid data" classname="user create a post" time="2.843"/>
  <testcase name="User Try to get All posts" classname="User Get All Post" time="0.944"/>
  <testcase name="User try to get a post with the id of the post" classname="Get a post with a post id" time="0.005"/>
  <testcase name="User try to get a post with the id of the post" classname="Get a post with a post id" time="0.206"/>
  <testcase name="User try to get a post with the invalid id of the post" classname="Get a post with a post id" time="0.283"/>
  <testcase name="User try to get a post with the invalid id of the post" classname="Get a post with a post id" time="0.357"/>
  <testcase name="User try to get a post with the invalid id of the post" classname="Get a post with a post id" time="0.348"/>
</testsuite>